#########################Automated tests trace#########################

self = <MEGS.Tests.CRUD.test_entity_crud_action.TestEntityBase object at 0x043D2C30>
generic_entity_test_criteria = <PyTest.InputTestCriteria.InputTestCriteria.GenericEntityTestCriteria object at 0x04107290>
search_api = <Search.Implementation.Contract.search.SearchAPI object at 0x035860B0>

    @pytest.mark.favorites
    def test_unmark_entity_as_favorite(self, generic_entity_test_criteria, search_api):
        entity = generic_entity_test_criteria.api_object
        entity.es_client = self.es_client
        _primary_key = self.es_client.edge_metadata[entity.entity_name].get_entity_primary_key_field()
    
        ##Create entity
        #http_response = list(entity.create_entity(params={}))
        #obj_id = json.loads(http_response[1])[_primary_key]
        if not self.get_from_local_entity_storage(entity.entity_name):
            #Create entity
            http_response = list(entity.create_entity(params={}))
>           obj_id = json.loads(http_response[1])[_primary_key]

C:\EdgeDeployment\FunctionalTests\src\MEGS\Tests\CRUD\test_entity_crud_action.py:239: 
_ _ _ _ _ _ _ _ _ _ _ _ _ _ _ _ _ _ _ _ _ _ _ _ _ _ _ _ _ _ _ _ _ _ _ _ _ _ _ _

s = "Bad input data: A validation error occurred.  The value of 'awx_capratepercent' on record of type 'awx_propertysale' is outside the valid range."
encoding = None, cls = None, object_hook = None, parse_float = None
parse_int = None, parse_constant = None, object_pairs_hook = None, kw = {}

    def loads(s, encoding=None, cls=None, object_hook=None, parse_float=None,
            parse_int=None, parse_constant=None, object_pairs_hook=None, **kw):
        """Deserialize ``s`` (a ``str`` or ``unicode`` instance containing a JSON
        document) to a Python object.
    
        If ``s`` is a ``str`` instance and is encoded with an ASCII based encoding
        other than utf-8 (e.g. latin-1) then an appropriate ``encoding`` name
        must be specified. Encodings that are not ASCII based (such as UCS-2)
        are not allowed and should be decoded to ``unicode`` first.
    
        ``object_hook`` is an optional function that will be called with the
        result of any object literal decode (a ``dict``). The return value of
        ``object_hook`` will be used instead of the ``dict``. This feature
        can be used to implement custom decoders (e.g. JSON-RPC class hinting).
    
        ``object_pairs_hook`` is an optional function that will be called with the
        result of any object literal decoded with an ordered list of pairs.  The
        return value of ``object_pairs_hook`` will be used instead of the ``dict``.
        This feature can be used to implement custom decoders that rely on the
        order that the key and value pairs are decoded (for example,
        collections.OrderedDict will remember the order of insertion). If
        ``object_hook`` is also defined, the ``object_pairs_hook`` takes priority.
    
        ``parse_float``, if specified, will be called with the string
        of every JSON float to be decoded. By default this is equivalent to
        float(num_str). This can be used to use another datatype or parser
        for JSON floats (e.g. decimal.Decimal).
    
        ``parse_int``, if specified, will be called with the string
        of every JSON int to be decoded. By default this is equivalent to
        int(num_str). This can be used to use another datatype or parser
        for JSON integers (e.g. float).
    
        ``parse_constant``, if specified, will be called with one of the
        following strings: -Infinity, Infinity, NaN, null, true, false.
        This can be used to raise an exception if invalid JSON numbers
        are encountered.
    
        To use a custom ``JSONDecoder`` subclass, specify it with the ``cls``
        kwarg; otherwise ``JSONDecoder`` is used.
    
        """
        if (cls is None and encoding is None and object_hook is None and
                parse_int is None and parse_float is None and
                parse_constant is None and object_pairs_hook is None and not kw):
>           return _default_decoder.decode(s)

C:\EdgeDeployment\python27\lib\json\__init__.py:338: 
_ _ _ _ _ _ _ _ _ _ _ _ _ _ _ _ _ _ _ _ _ _ _ _ _ _ _ _ _ _ _ _ _ _ _ _ _ _ _ _

self = <json.decoder.JSONDecoder object at 0x02BC33B0>
s = "Bad input data: A validation error occurred.  The value of 'awx_capratepercent' on record of type 'awx_propertysale' is outside the valid range."
_w = <built-in method match of _sre.SRE_Pattern object at 0x02A46638>

    def decode(self, s, _w=WHITESPACE.match):
        """Return the Python representation of ``s`` (a ``str`` or ``unicode``
            instance containing a JSON document)
    
            """
>       obj, end = self.raw_decode(s, idx=_w(s, 0).end())

C:\EdgeDeployment\python27\lib\json\decoder.py:365: 
_ _ _ _ _ _ _ _ _ _ _ _ _ _ _ _ _ _ _ _ _ _ _ _ _ _ _ _ _ _ _ _ _ _ _ _ _ _ _ _

self = <json.decoder.JSONDecoder object at 0x02BC33B0>
s = "Bad input data: A validation error occurred.  The value of 'awx_capratepercent' on record of type 'awx_propertysale' is outside the valid range."
idx = 0

    def raw_decode(self, s, idx=0):
        """Decode a JSON document from ``s`` (a ``str`` or ``unicode``
            beginning with a JSON document) and return a 2-tuple of the Python
            representation and the index in ``s`` where the document ended.
    
            This can be used to decode a JSON document from a string that may
            have extraneous data at the end.
    
            """
        try:
            obj, end = self.scan_once(s, idx)
        except StopIteration:
>           raise ValueError("No JSON object could be decoded")
E           ValueError: No JSON object could be decoded

C:\EdgeDeployment\python27\lib\json\decoder.py:383: ValueError
-------------------------------- Captured log ---------------------------------
requests_api.py             76 INFO     Sending HTTP request...
requests_api.py             83 DEBUG    Method type: GET
requests_api.py             94 DEBUG    Url: http://localhost/xre2113qa.nightly/api/authentication
requests_api.py             95 DEBUG    Headers: {'Authorization-Token': u'eab558571501462c96ebc55acd30dd1d', 'Accept-Language': 'en-US,en;q=0.8', 'Content-Type': 'application/json', 'Accept-Encoding': 'deflate, gzip'}
connectionpool.py          176 INFO     Starting new HTTP connection (1): localhost
connectionpool.py          344 DEBUG    "GET /xre2113qa.nightly/api/authentication HTTP/1.1" 200 2097
requests_api.py            140 INFO     Response recieved...
requests_api.py            141 INFO     Response status: 200
requests_api.py            142 INFO     Response reason: OK
requests_api.py            143 INFO     Response time: 0:00:00.478000
EntityBase.py               96 INFO     Sending POST request..
EntityBase.py              272 DEBUG    Creating request body...
connectionpool.py          296 DEBUG    "GET /xre2113qa.nightly.settings/ValueWithVersion%601/contact HTTP/1.1" 200 15916
connectionpool.py          296 DEBUG    "GET /xre2113qa.nightly.settings/ValueWithVersion%601/activitypointer HTTP/1.1" 200 9299
connectionpool.py          296 DEBUG    "GET /xre2113qa.nightly.settings/ValueWithVersion%601/contact_1 HTTP/1.1" 404 101
elasticsearch_client.py     60 WARNING  ValueWithVersion`1 entity has not been found in index xre2113qa.nightly.settings
connectionpool.py          296 DEBUG    "GET /xre2113qa.nightly/contact_1/_count HTTP/1.1" 200 61
connectionpool.py          296 DEBUG    "GET /xre2113qa.nightly/_search HTTP/1.1" 200 3623
connectionpool.py          296 DEBUG    "GET /xre2113qa.nightly.settings/ValueWithVersion%601/account HTTP/1.1" 200 10576
connectionpool.py          296 DEBUG    "GET /xre2113qa.nightly.settings/ValueWithVersion%601/activitypointer HTTP/1.1" 200 9299
connectionpool.py          296 DEBUG    "GET /xre2113qa.nightly.settings/ValueWithVersion%601/account_1 HTTP/1.1" 404 101
elasticsearch_client.py     60 WARNING  ValueWithVersion`1 entity has not been found in index xre2113qa.nightly.settings
connectionpool.py          296 DEBUG    "GET /xre2113qa.nightly/account_1/_count HTTP/1.1" 200 60
connectionpool.py          296 DEBUG    "GET /xre2113qa.nightly/_search HTTP/1.1" 200 1656
connectionpool.py          296 DEBUG    "GET /xre2113qa.nightly.settings/ValueWithVersion%601/contact HTTP/1.1" 200 15916
connectionpool.py          296 DEBUG    "GET /xre2113qa.nightly.settings/ValueWithVersion%601/activitypointer HTTP/1.1" 200 9299
connectionpool.py          296 DEBUG    "GET /xre2113qa.nightly.settings/ValueWithVersion%601/contact_1 HTTP/1.1" 404 101
elasticsearch_client.py     60 WARNING  ValueWithVersion`1 entity has not been found in index xre2113qa.nightly.settings
connectionpool.py          296 DEBUG    "GET /xre2113qa.nightly/contact_1/_count HTTP/1.1" 200 61
connectionpool.py          296 DEBUG    "GET /xre2113qa.nightly/_search HTTP/1.1" 200 1518
connectionpool.py          296 DEBUG    "GET /xre2113qa.nightly.settings/ValueWithVersion%601/account HTTP/1.1" 200 10576
connectionpool.py          296 DEBUG    "GET /xre2113qa.nightly.settings/ValueWithVersion%601/activitypointer HTTP/1.1" 200 9299
connectionpool.py          296 DEBUG    "GET /xre2113qa.nightly.settings/ValueWithVersion%601/account_1 HTTP/1.1" 404 101
elasticsearch_client.py     60 WARNING  ValueWithVersion`1 entity has not been found in index xre2113qa.nightly.settings
connectionpool.py          296 DEBUG    "GET /xre2113qa.nightly/account_1/_count HTTP/1.1" 200 60
connectionpool.py          296 DEBUG    "GET /xre2113qa.nightly/_search HTTP/1.1" 200 2173
connectionpool.py          296 DEBUG    "GET /xre2113qa.nightly.settings/ValueWithVersion%601/awx_floor HTTP/1.1" 200 2606
connectionpool.py          296 DEBUG    "GET /xre2113qa.nightly.settings/ValueWithVersion%601/activitypointer HTTP/1.1" 200 9299
connectionpool.py          296 DEBUG    "GET /xre2113qa.nightly.settings/ValueWithVersion%601/awx_floor_1 HTTP/1.1" 404 103
elasticsearch_client.py     60 WARNING  ValueWithVersion`1 entity has not been found in index xre2113qa.nightly.settings
connectionpool.py          296 DEBUG    "GET /xre2113qa.nightly/awx_floor_1/_count HTTP/1.1" 200 61
connectionpool.py          296 DEBUG    "GET /xre2113qa.nightly/_search HTTP/1.1" 200 996
connectionpool.py          296 DEBUG    "GET /xre2113qa.nightly.settings/ValueWithVersion%601/account HTTP/1.1" 200 10576
connectionpool.py          296 DEBUG    "GET /xre2113qa.nightly.settings/ValueWithVersion%601/activitypointer HTTP/1.1" 200 9299
connectionpool.py          296 DEBUG    "GET /xre2113qa.nightly.settings/ValueWithVersion%601/account_1 HTTP/1.1" 404 101
elasticsearch_client.py     60 WARNING  ValueWithVersion`1 entity has not been found in index xre2113qa.nightly.settings
connectionpool.py          296 DEBUG    "GET /xre2113qa.nightly/account_1/_count HTTP/1.1" 200 60
connectionpool.py          296 DEBUG    "GET /xre2113qa.nightly/_search HTTP/1.1" 200 1861
connectionpool.py          296 DEBUG    "GET /xre2113qa.nightly.settings/ValueWithVersion%601/contact HTTP/1.1" 200 15916
connectionpool.py          296 DEBUG    "GET /xre2113qa.nightly.settings/ValueWithVersion%601/activitypointer HTTP/1.1" 200 9299
connectionpool.py          296 DEBUG    "GET /xre2113qa.nightly.settings/ValueWithVersion%601/contact_1 HTTP/1.1" 404 101
elasticsearch_client.py     60 WARNING  ValueWithVersion`1 entity has not been found in index xre2113qa.nightly.settings
connectionpool.py          296 DEBUG    "GET /xre2113qa.nightly/contact_1/_count HTTP/1.1" 200 61
connectionpool.py          296 DEBUG    "GET /xre2113qa.nightly/_search HTTP/1.1" 200 3696
connectionpool.py          296 DEBUG    "GET /xre2113qa.nightly.settings/ValueWithVersion%601/opportunity HTTP/1.1" 200 20477
connectionpool.py          296 DEBUG    "GET /xre2113qa.nightly.settings/ValueWithVersion%601/activitypointer HTTP/1.1" 200 9299
connectionpool.py          296 DEBUG    "GET /xre2113qa.nightly.settings/ValueWithVersion%601/opportunity_1 HTTP/1.1" 404 105
elasticsearch_client.py     60 WARNING  ValueWithVersion`1 entity has not been found in index xre2113qa.nightly.settings
connectionpool.py          296 DEBUG    "GET /xre2113qa.nightly/opportunity_1/_count HTTP/1.1" 200 61
connectionpool.py          296 DEBUG    "GET /xre2113qa.nightly/_search HTTP/1.1" 200 6571
connectionpool.py          296 DEBUG    "GET /xre2113qa.nightly.settings/ValueWithVersion%601/awx_property HTTP/1.1" 200 15232
connectionpool.py          296 DEBUG    "GET /xre2113qa.nightly.settings/ValueWithVersion%601/activitypointer HTTP/1.1" 200 9299
connectionpool.py          296 DEBUG    "GET /xre2113qa.nightly.settings/ValueWithVersion%601/awx_property_1 HTTP/1.1" 404 106
elasticsearch_client.py     60 WARNING  ValueWithVersion`1 entity has not been found in index xre2113qa.nightly.settings
connectionpool.py          296 DEBUG    "GET /xre2113qa.nightly/awx_property_1/_count HTTP/1.1" 200 60
connectionpool.py          296 DEBUG    "GET /xre2113qa.nightly/_search HTTP/1.1" 200 1215
connectionpool.py          296 DEBUG    "GET /xre2113qa.nightly.settings/ValueWithVersion%601/contact HTTP/1.1" 200 15916
connectionpool.py          296 DEBUG    "GET /xre2113qa.nightly.settings/ValueWithVersion%601/activitypointer HTTP/1.1" 200 9299
connectionpool.py          296 DEBUG    "GET /xre2113qa.nightly.settings/ValueWithVersion%601/contact_1 HTTP/1.1" 404 101
elasticsearch_client.py     60 WARNING  ValueWithVersion`1 entity has not been found in index xre2113qa.nightly.settings
connectionpool.py          296 DEBUG    "GET /xre2113qa.nightly/contact_1/_count HTTP/1.1" 200 61
connectionpool.py          296 DEBUG    "GET /xre2113qa.nightly/_search HTTP/1.1" 200 3966
connectionpool.py          296 DEBUG    "GET /xre2113qa.nightly.settings/ValueWithVersion%601/account HTTP/1.1" 200 10576
connectionpool.py          296 DEBUG    "GET /xre2113qa.nightly.settings/ValueWithVersion%601/activitypointer HTTP/1.1" 200 9299
connectionpool.py          296 DEBUG    "GET /xre2113qa.nightly.settings/ValueWithVersion%601/account_1 HTTP/1.1" 404 101
elasticsearch_client.py     60 WARNING  ValueWithVersion`1 entity has not been found in index xre2113qa.nightly.settings
connectionpool.py          296 DEBUG    "GET /xre2113qa.nightly/account_1/_count HTTP/1.1" 200 60
connectionpool.py          296 DEBUG    "GET /xre2113qa.nightly/_search HTTP/1.1" 200 2039
connectionpool.py          296 DEBUG    "GET /xre2113qa.nightly.settings/ValueWithVersion%601/account HTTP/1.1" 200 10576
connectionpool.py          296 DEBUG    "GET /xre2113qa.nightly.settings/ValueWithVersion%601/activitypointer HTTP/1.1" 200 9299
connectionpool.py          296 DEBUG    "GET /xre2113qa.nightly.settings/ValueWithVersion%601/account_1 HTTP/1.1" 404 101
elasticsearch_client.py     60 WARNING  ValueWithVersion`1 entity has not been found in index xre2113qa.nightly.settings
connectionpool.py          296 DEBUG    "GET /xre2113qa.nightly/account_1/_count HTTP/1.1" 200 60
connectionpool.py          296 DEBUG    "GET /xre2113qa.nightly/_search HTTP/1.1" 200 1909
connectionpool.py          296 DEBUG    "GET /xre2113qa.nightly.settings/ValueWithVersion%601/businessunit HTTP/1.1" 404 104
elasticsearch_client.py     60 WARNING  ValueWithVersion`1 entity has not been found in index xre2113qa.nightly.settings
connectionpool.py          296 DEBUG    "GET /xre2113qa.nightly.settings/ValueWithVersion%601/activitypointer HTTP/1.1" 200 9299
connectionpool.py          296 DEBUG    "GET /xre2113qa.nightly.settings/ValueWithVersion%601/businessunit HTTP/1.1" 404 104
elasticsearch_client.py     60 WARNING  ValueWithVersion`1 entity has not been found in index xre2113qa.nightly.settings
connectionpool.py          296 DEBUG    "GET /xre2113qa.nightly/businessunit/_count HTTP/1.1" 200 59
connectionpool.py          296 DEBUG    "GET /xre2113qa.nightly/_search HTTP/1.1" 200 123
connectionpool.py          296 DEBUG    "GET /xre2113qa.nightly.settings/ValueWithVersion%601/team HTTP/1.1" 404 96
elasticsearch_client.py     60 WARNING  ValueWithVersion`1 entity has not been found in index xre2113qa.nightly.settings
connectionpool.py          296 DEBUG    "GET /xre2113qa.nightly.settings/ValueWithVersion%601/activitypointer HTTP/1.1" 200 9299
connectionpool.py          296 DEBUG    "GET /xre2113qa.nightly.settings/ValueWithVersion%601/team HTTP/1.1" 404 96
elasticsearch_client.py     60 WARNING  ValueWithVersion`1 entity has not been found in index xre2113qa.nightly.settings
connectionpool.py          296 DEBUG    "GET /xre2113qa.nightly/team/_count HTTP/1.1" 200 59
connectionpool.py          296 DEBUG    "GET /xre2113qa.nightly/_search HTTP/1.1" 200 123
connectionpool.py          296 DEBUG    "GET /xre2113qa.nightly.settings/ValueWithVersion%601/transactioncurrency HTTP/1.1" 200 2229
connectionpool.py          296 DEBUG    "GET /xre2113qa.nightly.settings/ValueWithVersion%601/activitypointer HTTP/1.1" 200 9299
connectionpool.py          296 DEBUG    "GET /xre2113qa.nightly.settings/ValueWithVersion%601/transactioncurrency_1 HTTP/1.1" 404 113
elasticsearch_client.py     60 WARNING  ValueWithVersion`1 entity has not been found in index xre2113qa.nightly.settings
connectionpool.py          296 DEBUG    "GET /xre2113qa.nightly/transactioncurrency_1/_count HTTP/1.1" 200 59
connectionpool.py          296 DEBUG    "GET /xre2113qa.nightly/_search HTTP/1.1" 200 654
EntityBase.py              383 DEBUG    Request body created:
EntityBase.py              384 DEBUG    {"awx_buyerrepcontactid": {"logicalname": "contact", "id": "9aabebf4-9283-e311-a5b4-00155d28de35"}, "awx_listingbrokercompanyid": {"logicalname": "account", "id": "57574f35-7798-e311-aa29-00155d28de35"}, "awx_sellerid": {"logicalname": "account", "id": "cf6c8be9-ec92-e311-a5b4-00155d28de35"}, "awx_buyerrepid": {"logicalname": "account", "id": "637c3606-b756-e311-9314-00155d280475"}, "awx_confidential": "Yes", "awx_originatingdealid": {"logicalname": "opportunity", "id": "7f9e5f89-528e-e311-a5b4-00155d28de35"}, "awx_arealand": 571.13, "awx_propertyid": {"logicalname": "awx_property", "id": "098d7807-b178-e311-8d25-00155d280475"}, "awx_sellingbrokerid": {"logicalname": "account", "id": "7f216f98-1f96-e311-aa29-00155d28de35"}, "awx_floorid": {"logicalname": "awx_floor", "id": "304628fa-3879-e311-8d25-00155d280475"}, "awx_occupancypercentatclosing": 189.58, "awx_capratepercent": 104.72, "awx_buyercontactid": {"logicalname": "contact", "id": "45d1323b-8f74-e311-bb29-00155d280475"}, "awx_sellercontactid": {"logicalname": "contact", "id": "d97c3606-b756-e311-9314-00155d280475"}, "awx_buyerid": {"logicalname": "account", "id": "71ab6472-0559-e311-9314-00155d280475"}, "awx_somid": {"logicalname": "awx_som", "id": "acd1daf5-9249-e011-8563-00155d0b5502"}, "awx_listingbrokerid": {"logicalname": "contact", "id": "52b19840-7e71-e311-bb29-00155d280475"}, "transactioncurrencyid": {"logicalname": "transactioncurrency", "id": "e0a4c3a9-ad56-e311-a147-00155d280475"}, "type": "awx_propertysale", "awx_totalarea": 9840.16}
requests_api.py             76 INFO     Sending HTTP request...
requests_api.py             83 DEBUG    Method type: POST
requests_api.py             94 DEBUG    Url: http://localhost/xre2113qa.nightly/api/sale//
requests_api.py             95 DEBUG    Headers: {'Authorization-Token': u'eab558571501462c96ebc55acd30dd1d', 'Accept-Language': 'en-US,en;q=0.8', 'Content-Type': 'application/json', 'Accept-Encoding': 'deflate, gzip'}
requests_api.py            104 DEBUG    Request body: {"awx_buyerrepcontactid": {"logicalname": "contact", "id": "9aabebf4-9283-e311-a5b4-00155d28de35"}, "awx_listingbrokercompanyid": {"logicalname": "account", "id": "57574f35-7798-e311-aa29-00155d28de35"}, "awx_sellerid": {"logicalname": "account", "id": "cf6c8be9-ec92-e311-a5b4-00155d28de35"}, "awx_buyerrepid": {"logicalname": "account", "id": "637c3606-b756-e311-9314-00155d280475"}, "awx_confidential": "Yes", "awx_originatingdealid": {"logicalname": "opportunity", "id": "7f9e5f89-528e-e311-a5b4-00155d28de35"}, "awx_arealand": 571.13, "awx_propertyid": {"logicalname": "awx_property", "id": "098d7807-b178-e311-8d25-00155d280475"}, "awx_sellingbrokerid": {"logicalname": "account", "id": "7f216f98-1f96-e311-aa29-00155d28de35"}, "awx_floorid": {"logicalname": "awx_floor", "id": "304628fa-3879-e311-8d25-00155d280475"}, "awx_occupancypercentatclosing": 189.58, "awx_capratepercent": 104.72, "awx_buyercontactid": {"logicalname": "contact", "id": "45d1323b-8f74-e311-bb29-00155d280475"}, "awx_sellercontactid": {"logicalname": "contact", "id": "d97c3606-b756-e311-9314-00155d280475"}, "awx_buyerid": {"logicalname": "account", "id": "71ab6472-0559-e311-9314-00155d280475"}, "awx_somid": {"logicalname": "awx_som", "id": "acd1daf5-9249-e011-8563-00155d0b5502"}, "awx_listingbrokerid": {"logicalname": "contact", "id": "52b19840-7e71-e311-bb29-00155d280475"}, "transactioncurrencyid": {"logicalname": "transactioncurrency", "id": "e0a4c3a9-ad56-e311-a147-00155d280475"}, "type": "awx_propertysale", "awx_totalarea": 9840.16}
connectionpool.py          176 INFO     Starting new HTTP connection (1): localhost
connectionpool.py          344 DEBUG    "POST /xre2113qa.nightly/api/sale// HTTP/1.1" 400 144
requests_api.py            140 INFO     Response recieved...
requests_api.py            141 INFO     Response status: 400
requests_api.py            142 INFO     Response reason: Bad Request
requests_api.py            143 INFO     Response time: 0:00:00.321000
#########################Server error trace#########################
{"index":[],"megs":[{"TimeStamp":"2014-02-18T08:45:22.6314906Z","Message":"Entity has not been indexed before the timeout. Consider changing the value of timeout parameter 'WaitCrawlersTimeout' in section 'MegsSettings' of EDGE config","ErrorLevel":"WARN","Longdate":"2014-02-18 02:45:17.7402","ThreadId":"9  ","Logger":"AscendixRE.MEGS.ApiControllers.BaseControllers.Dynamic.DynamicEntityController`1[[DetailSchema_1.opportunity, a6c3f7df403142b8b87f32c28345d74f, Version=0.0.0.0, Culture=neutral, PublicKeyToken=null]]","Exception":""},{"TimeStamp":"2014-02-18T08:45:22.7496471Z","Message":"Could not get the value of required parameter 'crm_account_id'","ErrorLevel":"WARN","Longdate":"2014-02-18 02:45:18.2206","ThreadId":"9  ","Logger":"AscendixRE.InsideView.Implementation.Requests.InsideViewRequestUtils","Exception":""},{"TimeStamp":"2014-02-18T08:45:22.8775686Z","Message":"FaultException: ","ErrorLevel":"ERROR","Longdate":"2014-02-18 02:45:19.4197","ThreadId":"57 ","Logger":"AscendixRE.MEGS.ApiControllers.BaseControllers.Dynamic.DynamicEntityController`1[[DetailSchema_1.awx_propertysale, a6c3f7df403142b8b87f32c28345d74f, Version=0.0.0.0, Culture=neutral, PublicKeyToken=null]]","Exception":"System.ServiceModel.FaultException`1[Microsoft.Xrm.Sdk.OrganizationServiceFault]: A validation error occurred.  The value of 'awx_capratepercent' on record of type 'awx_propertysale' is outside the valid range. (Fault Detail is equal to Microsoft.Xrm.Sdk.OrganizationServiceFault)."},{"TimeStamp":"2014-02-18T08:45:23.0162316Z","Message":"Inner Fault Message: A validation error occurred.  The value of 'awx_capratepercent' on record of type 'awx_propertysale' is outside the valid range.","ErrorLevel":"ERROR","Longdate":"2014-02-18 02:45:19.4197","ThreadId":"57 ","Logger":"AscendixRE.MEGS.ApiControllers.BaseControllers.Dynamic.DynamicEntityController`1[[DetailSchema_1.awx_propertysale, a6c3f7df403142b8b87f32c28345d74f, Version=0.0.0.0, Culture=neutral, PublicKeyToken=null]]","Exception":""},{"TimeStamp":"2014-02-18T08:45:23.4742101Z","Message":"Inner Fault Trace Text: \r\n[Microsoft.Crm.ObjectModel: Microsoft.Crm.ObjectModel.TargetAttributeValidationPlugin]\r\n[c754fdb4-ef2f-4f2c-b49f-186214ab4dcd: TargetAttributeValidationPlugin]\r\n\r\n","ErrorLevel":"ERROR","Longdate":"2014-02-18 02:45:19.4197","ThreadId":"57 ","Logger":"AscendixRE.MEGS.ApiControllers.BaseControllers.Dynamic.DynamicEntityController`1[[DetailSchema_1.awx_propertysale, a6c3f7df403142b8b87f32c28345d74f, Version=0.0.0.0, Culture=neutral, PublicKeyToken=null]]","Exception":""},{"TimeStamp":"2014-02-18T08:45:23.6411916Z","Message":"Exception: ","ErrorLevel":"ERROR","Longdate":"2014-02-18 02:45:19.4197","ThreadId":"57 ","Logger":"AscendixRE.MEGS.ApiControllers.BaseControllers.Dynamic.DynamicEntityController`1[[DetailSchema_1.awx_propertysale, a6c3f7df403142b8b87f32c28345d74f, Version=0.0.0.0, Culture=neutral, PublicKeyToken=null]]","Exception":"System.ArgumentException: Bad input data: A validation error occurred.  The value of 'awx_capratepercent' on record of type 'awx_propertysale' is outside the valid range.\r\n   at AscendixRE.MEGS.ApiControllers.BaseControllers.EntityControllerBase.CheckSenderFault(FaultException ex)\r\n   at AscendixRE.MEGS.ApiControllers.BaseControllers.EntityControllerBase.CreateEntity(Entity sdkEntity)\r\n   at System.Dynamic.UpdateDelegates.UpdateAndExecute3[T0,T1,T2,TRet](CallSite site, T0 arg0, T1 arg1, T2 arg2)\r\n   at CallSite.Target(Closure , CallSite , EntityControllerBase , ICRMEntity , Object )\r\n   at AscendixRE.MEGS.ApiControllers.BaseControllers.EntityControllerBase.Post(Object entity)\r\n   at System.Web.Http.Controllers.ReflectedHttpActionDescriptor.ActionExecutor.<>c__DisplayClass13.<GetExecutor>b__c(Object instance, Object[] methodParameters)\r\n   at System.Web.Http.Controllers.ReflectedHttpActionDescriptor.ActionExecutor.Execute(Object instance, Object[] arguments)\r\n   at System.Threading.Tasks.TaskHelpers.RunSynchronously[TResult](Func`1 func, CancellationToken cancellationToken)"},{"TimeStamp":"2014-02-18T08:45:23.7466536Z","Message":"FaultException: ","ErrorLevel":"ERROR","Longdate":"2014-02-18 02:45:22.4430","ThreadId":"82 ","Logger":"AscendixRE.MEGS.ApiControllers.BaseControllers.Dynamic.DynamicEntityController`1[[DetailSchema_1.awx_listing, a6c3f7df403142b8b87f32c28345d74f, Version=0.0.0.0, Culture=neutral, PublicKeyToken=null]]","Exception":"System.ServiceModel.FaultException`1[Microsoft.Xrm.Sdk.OrganizationServiceFault]: Principal team (Id=b0089655-ad56-e311-a147-00155d280475, type=9) is missing prvReadConnection privilege (Id=919f6df3-97bf-4897-82f1-9d67749eab3a) (Fault Detail is equal to Microsoft.Xrm.Sdk.OrganizationServiceFault)."},{"TimeStamp":"2014-02-18T08:45:23.7847371Z","Message":"Inner Fault Message: Principal team (Id=b0089655-ad56-e311-a147-00155d280475, type=9) is missing prvReadConnection privilege (Id=919f6df3-97bf-4897-82f1-9d67749eab3a)","ErrorLevel":"ERROR","Longdate":"2014-02-18 02:45:22.4430","ThreadId":"82 ","Logger":"AscendixRE.MEGS.ApiControllers.BaseControllers.Dynamic.DynamicEntityController`1[[DetailSchema_1.awx_listing, a6c3f7df403142b8b87f32c28345d74f, Version=0.0.0.0, Culture=neutral, PublicKeyToken=null]]","Exception":""},{"TimeStamp":"2014-02-18T08:45:23.8443036Z","Message":"Inner Fault Trace Text: [Ascendix.XRE.Plugins: Ascendix.XRE.Plugins.Connection]\r\n[c554d821-470a-e111-a170-000c290b0e27: Ascendix.XRE.Plugins.Connection: PostCreate of awx_listing]\r\n","ErrorLevel":"ERROR","Longdate":"2014-02-18 02:45:22.4430","ThreadId":"82 ","Logger":"AscendixRE.MEGS.ApiControllers.BaseControllers.Dynamic.DynamicEntityController`1[[DetailSchema_1.awx_listing, a6c3f7df403142b8b87f32c28345d74f, Version=0.0.0.0, Culture=neutral, PublicKeyToken=null]]","Exception":""},{"TimeStamp":"2014-02-18T08:45:24.0132381Z","Message":"Exception: ","ErrorLevel":"ERROR","Longdate":"2014-02-18 02:45:22.4430","ThreadId":"82 ","Logger":"AscendixRE.MEGS.ApiControllers.BaseControllers.Dynamic.DynamicEntityController`1[[DetailSchema_1.awx_listing, a6c3f7df403142b8b87f32c28345d74f, Version=0.0.0.0, Culture=neutral, PublicKeyToken=null]]","Exception":"System.ArgumentException: Bad input data: Principal team (Id=b0089655-ad56-e311-a147-00155d280475, type=9) is missing prvReadConnection privilege (Id=919f6df3-97bf-4897-82f1-9d67749eab3a)\r\n   at AscendixRE.MEGS.ApiControllers.BaseControllers.EntityControllerBase.CheckSenderFault(FaultException ex)\r\n   at AscendixRE.MEGS.ApiControllers.BaseControllers.EntityControllerBase.CreateEntity(Entity sdkEntity)\r\n   at System.Dynamic.UpdateDelegates.UpdateAndExecute3[T0,T1,T2,TRet](CallSite site, T0 arg0, T1 arg1, T2 arg2)\r\n   at CallSite.Target(Closure , CallSite , EntityControllerBase , ICRMEntity , Object )\r\n   at AscendixRE.MEGS.ApiControllers.BaseControllers.EntityControllerBase.Post(Object entity)\r\n   at System.Web.Http.Controllers.ReflectedHttpActionDescriptor.ActionExecutor.<>c__DisplayClass13.<GetExecutor>b__c(Object instance, Object[] methodParameters)\r\n   at System.Web.Http.Controllers.ReflectedHttpActionDescriptor.ActionExecutor.Execute(Object instance, Object[] arguments)\r\n   at System.Threading.Tasks.TaskHelpers.RunSynchronously[TResult](Func`1 func, CancellationToken cancellationToken)"}]}
